<?xml version="1.0" encoding="UTF-8"?>
<!-- Generated by org.testng.reporters.JUnitReportReporter -->
<testsuite hostname="DESKTOP-Q7OVD07" failures="0" tests="1" name="demo.assessment.testvarigrant.RecentlyPlayedSongsTest" time="0.018" errors="0" timestamp="2023-06-15T16:55:19 IST" skipped="0">
  <testcase classname="demo.assessment.testvarigrant.RecentlyPlayedSongsTest" name="testRecentlyPlayedSongs" time="0.018"/>
  <system-out/>
</testsuite> <!-- demo.assessment.testvarigrant.RecentlyPlayedSongsTest -->
